<?xml version="1.0" encoding="UTF-8"?>
<robot generator="Robot 4.1.2 (Python 3.10.0 on win32)" generated="20211201 08:17:51.332" rpa="false" schemaversion="2">
<suite id="s1" name="Test" source="C:\Users\irathnayak\OneDrive - Wiley\MY_DATA\Projects\PolityBooks_Automation_Project\PolityBooks_Automation_Testsuite\test.robot">
<test id="s1-t1" name="Polity Books Login">
<kw name="open browser">
<arg>${TestingServerUrl}</arg>
<arg>${BROWSER1}</arg>
<msg timestamp="20211201 08:17:51.420" level="FAIL">No keyword with name 'open browser' found.</msg>
<status status="FAIL" starttime="20211201 08:17:51.420" endtime="20211201 08:17:51.420"/>
</kw>
<kw name="maximize browser window">
<status status="NOT RUN" starttime="20211201 08:17:51.420" endtime="20211201 08:17:51.420"/>
</kw>
<status status="FAIL" starttime="20211201 08:17:51.404" endtime="20211201 08:17:51.420">No keyword with name 'open browser' found.</status>
</test>
<status status="FAIL" starttime="20211201 08:17:51.332" endtime="20211201 08:17:51.420"/>
</suite>
<statistics>
<total>
<stat pass="0" fail="1" skip="0">All Tests</stat>
</total>
<tag>
</tag>
<suite>
<stat pass="0" fail="1" skip="0" id="s1" name="Test">Test</stat>
</suite>
</statistics>
<errors>
<msg timestamp="20211201 08:17:51.358" level="ERROR">Error in file 'C:\Users\irathnayak\OneDrive - Wiley\MY_DATA\Projects\PolityBooks_Automation_Project\PolityBooks_Automation_Testsuite\test.robot' on line 5: Importing library 'Selenium2Library' failed: ModuleNotFoundError: No module named 'Selenium2Library'
Traceback (most recent call last):
  None
PYTHONPATH:
  C:\Users\irathnayak\OneDrive - Wiley\MY_DATA\Projects\PolityBooks_Automation_Project\PolityBooks_Automation_Testsuite
  C:\Python310\python310.zip
  C:\Python310\DLLs
  C:\Python310\lib
  C:\Python310
  C:\Users\irathnayak\AppData\Roaming\Python\Python310\site-packages
  C:\Python310\lib\site-packages</msg>
<msg timestamp="20211201 08:17:51.385" level="ERROR">Error in file 'C:\Users\irathnayak\OneDrive - Wiley\MY_DATA\Projects\PolityBooks_Automation_Project\PolityBooks_Automation_Testsuite\PolityBooks_Element.robot' on line 7: Importing library 'Selenium2Library' failed: ModuleNotFoundError: No module named 'Selenium2Library'
Traceback (most recent call last):
  None
PYTHONPATH:
  C:\Users\irathnayak\OneDrive - Wiley\MY_DATA\Projects\PolityBooks_Automation_Project\PolityBooks_Automation_Testsuite
  C:\Python310\python310.zip
  C:\Python310\DLLs
  C:\Python310\lib
  C:\Python310
  C:\Users\irathnayak\AppData\Roaming\Python\Python310\site-packages
  C:\Python310\lib\site-packages</msg>
<msg timestamp="20211201 08:17:51.404" level="ERROR">Error in file 'C:\Users\irathnayak\OneDrive - Wiley\MY_DATA\Projects\PolityBooks_Automation_Project\PolityBooks_Automation_Testsuite\PolityBooks_Resources.robot' on line 7: Importing library 'Selenium2Library' failed: ModuleNotFoundError: No module named 'Selenium2Library'
Traceback (most recent call last):
  None
PYTHONPATH:
  C:\Users\irathnayak\OneDrive - Wiley\MY_DATA\Projects\PolityBooks_Automation_Project\PolityBooks_Automation_Testsuite
  C:\Python310\python310.zip
  C:\Python310\DLLs
  C:\Python310\lib
  C:\Python310
  C:\Users\irathnayak\AppData\Roaming\Python\Python310\site-packages
  C:\Python310\lib\site-packages</msg>
</errors>
</robot>
